{"/Users/ivotodorov/Development/temp/vite-rsc/packages/host-router/src/errors.ts": {"path":"/Users/ivotodorov/Development/temp/vite-rsc/packages/host-router/src/errors.ts","all":false,"statementMap":{"16":{"start":{"line":17,"column":0},"end":{"line":17,"column":44}},"19":{"start":{"line":20,"column":0},"end":{"line":20,"column":56}},"20":{"start":{"line":21,"column":0},"end":{"line":21,"column":19}},"21":{"start":{"line":22,"column":0},"end":{"line":22,"column":25}},"22":{"start":{"line":23,"column":0},"end":{"line":23,"column":33}},"23":{"start":{"line":24,"column":0},"end":{"line":24,"column":5}},"24":{"start":{"line":25,"column":0},"end":{"line":25,"column":34}},"25":{"start":{"line":26,"column":0},"end":{"line":26,"column":59}},"26":{"start":{"line":27,"column":0},"end":{"line":27,"column":3}},"27":{"start":{"line":28,"column":0},"end":{"line":28,"column":1}},"32":{"start":{"line":33,"column":0},"end":{"line":33,"column":58}},"33":{"start":{"line":34,"column":0},"end":{"line":34,"column":72}},"34":{"start":{"line":35,"column":0},"end":{"line":35,"column":62}},"35":{"start":{"line":36,"column":0},"end":{"line":36,"column":38}},"36":{"start":{"line":37,"column":0},"end":{"line":37,"column":63}},"37":{"start":{"line":38,"column":0},"end":{"line":38,"column":3}},"38":{"start":{"line":39,"column":0},"end":{"line":39,"column":1}},"43":{"start":{"line":44,"column":0},"end":{"line":44,"column":66}},"44":{"start":{"line":45,"column":0},"end":{"line":45,"column":80}},"45":{"start":{"line":46,"column":0},"end":{"line":46,"column":10}},"46":{"start":{"line":47,"column":0},"end":{"line":47,"column":78}},"47":{"start":{"line":48,"column":0},"end":{"line":48,"column":13}},"48":{"start":{"line":49,"column":0},"end":{"line":49,"column":6}},"49":{"start":{"line":50,"column":0},"end":{"line":50,"column":46}},"50":{"start":{"line":51,"column":0},"end":{"line":51,"column":71}},"51":{"start":{"line":52,"column":0},"end":{"line":52,"column":3}},"52":{"start":{"line":53,"column":0},"end":{"line":53,"column":1}},"57":{"start":{"line":58,"column":0},"end":{"line":58,"column":59}},"58":{"start":{"line":59,"column":0},"end":{"line":59,"column":57}},"59":{"start":{"line":60,"column":0},"end":{"line":60,"column":61}},"60":{"start":{"line":61,"column":0},"end":{"line":61,"column":39}},"61":{"start":{"line":62,"column":0},"end":{"line":62,"column":64}},"62":{"start":{"line":63,"column":0},"end":{"line":63,"column":3}},"63":{"start":{"line":64,"column":0},"end":{"line":64,"column":1}},"68":{"start":{"line":69,"column":0},"end":{"line":69,"column":58}},"69":{"start":{"line":70,"column":0},"end":{"line":70,"column":49}},"70":{"start":{"line":71,"column":0},"end":{"line":71,"column":30}},"71":{"start":{"line":72,"column":0},"end":{"line":72,"column":38}},"72":{"start":{"line":73,"column":0},"end":{"line":73,"column":63}},"73":{"start":{"line":74,"column":0},"end":{"line":74,"column":3}},"74":{"start":{"line":75,"column":0},"end":{"line":75,"column":1}},"79":{"start":{"line":80,"column":0},"end":{"line":80,"column":56}},"80":{"start":{"line":81,"column":0},"end":{"line":81,"column":75}},"81":{"start":{"line":82,"column":0},"end":{"line":82,"column":66}},"82":{"start":{"line":83,"column":0},"end":{"line":83,"column":36}},"83":{"start":{"line":84,"column":0},"end":{"line":84,"column":61}},"84":{"start":{"line":85,"column":0},"end":{"line":85,"column":3}},"85":{"start":{"line":86,"column":0},"end":{"line":86,"column":1}}},"s":{"16":1,"19":1,"20":14,"21":14,"22":4,"23":4,"24":14,"25":14,"26":14,"27":1,"32":1,"33":1,"34":5,"35":5,"36":5,"37":5,"38":1,"43":1,"44":1,"45":1,"46":1,"47":1,"48":1,"49":1,"50":1,"51":1,"52":1,"57":1,"58":1,"59":2,"60":2,"61":2,"62":2,"63":1,"68":1,"69":1,"70":2,"71":2,"72":2,"73":2,"74":1,"79":1,"80":1,"81":2,"82":2,"83":2,"84":2,"85":1},"branchMap":{"0":{"type":"branch","line":20,"loc":{"start":{"line":20,"column":2},"end":{"line":27,"column":3}},"locations":[{"start":{"line":20,"column":2},"end":{"line":27,"column":3}}]},"1":{"type":"branch","line":22,"loc":{"start":{"line":22,"column":8},"end":{"line":22,"column":24}},"locations":[{"start":{"line":22,"column":8},"end":{"line":22,"column":24}}]},"2":{"type":"branch","line":22,"loc":{"start":{"line":22,"column":24},"end":{"line":24,"column":5}},"locations":[{"start":{"line":22,"column":24},"end":{"line":24,"column":5}}]},"3":{"type":"branch","line":34,"loc":{"start":{"line":34,"column":2},"end":{"line":38,"column":3}},"locations":[{"start":{"line":34,"column":2},"end":{"line":38,"column":3}}]},"4":{"type":"branch","line":45,"loc":{"start":{"line":45,"column":2},"end":{"line":52,"column":3}},"locations":[{"start":{"line":45,"column":2},"end":{"line":52,"column":3}}]},"5":{"type":"branch","line":59,"loc":{"start":{"line":59,"column":2},"end":{"line":63,"column":3}},"locations":[{"start":{"line":59,"column":2},"end":{"line":63,"column":3}}]},"6":{"type":"branch","line":70,"loc":{"start":{"line":70,"column":2},"end":{"line":74,"column":3}},"locations":[{"start":{"line":70,"column":2},"end":{"line":74,"column":3}}]},"7":{"type":"branch","line":81,"loc":{"start":{"line":81,"column":2},"end":{"line":85,"column":3}},"locations":[{"start":{"line":81,"column":2},"end":{"line":85,"column":3}}]}},"b":{"0":[14],"1":[5],"2":[4],"3":[5],"4":[1],"5":[2],"6":[2],"7":[2]},"fnMap":{"0":{"name":"HostRouterError","decl":{"start":{"line":20,"column":2},"end":{"line":27,"column":3}},"loc":{"start":{"line":20,"column":2},"end":{"line":27,"column":3}},"line":20},"1":{"name":"InvalidPatternError","decl":{"start":{"line":34,"column":2},"end":{"line":38,"column":3}},"loc":{"start":{"line":34,"column":2},"end":{"line":38,"column":3}},"line":34},"2":{"name":"HostOverrideNotAllowedError","decl":{"start":{"line":45,"column":2},"end":{"line":52,"column":3}},"loc":{"start":{"line":45,"column":2},"end":{"line":52,"column":3}},"line":45},"3":{"name":"InvalidHostnameError","decl":{"start":{"line":59,"column":2},"end":{"line":63,"column":3}},"loc":{"start":{"line":59,"column":2},"end":{"line":63,"column":3}},"line":59},"4":{"name":"HostValidationError","decl":{"start":{"line":70,"column":2},"end":{"line":74,"column":3}},"loc":{"start":{"line":70,"column":2},"end":{"line":74,"column":3}},"line":70},"5":{"name":"NoRouteMatchError","decl":{"start":{"line":81,"column":2},"end":{"line":85,"column":3}},"loc":{"start":{"line":81,"column":2},"end":{"line":85,"column":3}},"line":81}},"f":{"0":14,"1":5,"2":1,"3":2,"4":2,"5":2}}
,"/Users/ivotodorov/Development/temp/vite-rsc/packages/host-router/src/pattern-matcher.ts": {"path":"/Users/ivotodorov/Development/temp/vite-rsc/packages/host-router/src/pattern-matcher.ts","all":false,"statementMap":{"0":{"start":{"line":1,"column":0},"end":{"line":1,"column":3}},"21":{"start":{"line":22,"column":0},"end":{"line":22,"column":59}},"23":{"start":{"line":24,"column":0},"end":{"line":24,"column":42}},"24":{"start":{"line":25,"column":0},"end":{"line":25,"column":26}},"25":{"start":{"line":26,"column":0},"end":{"line":26,"column":48}},"26":{"start":{"line":27,"column":0},"end":{"line":27,"column":62}},"27":{"start":{"line":28,"column":0},"end":{"line":28,"column":25}},"28":{"start":{"line":29,"column":0},"end":{"line":29,"column":3}},"29":{"start":{"line":30,"column":0},"end":{"line":30,"column":17}},"30":{"start":{"line":31,"column":0},"end":{"line":31,"column":1}},"35":{"start":{"line":36,"column":0},"end":{"line":36,"column":49}},"39":{"start":{"line":40,"column":0},"end":{"line":40,"column":3}},"40":{"start":{"line":41,"column":0},"end":{"line":41,"column":35}},"41":{"start":{"line":42,"column":0},"end":{"line":42,"column":32}},"42":{"start":{"line":43,"column":0},"end":{"line":43,"column":32}},"43":{"start":{"line":44,"column":0},"end":{"line":44,"column":36}},"45":{"start":{"line":46,"column":0},"end":{"line":46,"column":39}},"46":{"start":{"line":47,"column":0},"end":{"line":47,"column":1}},"51":{"start":{"line":52,"column":0},"end":{"line":52,"column":53}},"55":{"start":{"line":56,"column":0},"end":{"line":56,"column":39}},"56":{"start":{"line":57,"column":0},"end":{"line":57,"column":1}},"61":{"start":{"line":62,"column":0},"end":{"line":62,"column":49}},"62":{"start":{"line":63,"column":0},"end":{"line":63,"column":28}},"63":{"start":{"line":64,"column":0},"end":{"line":64,"column":1}},"68":{"start":{"line":69,"column":0},"end":{"line":69,"column":29}},"69":{"start":{"line":70,"column":0},"end":{"line":70,"column":18}},"70":{"start":{"line":71,"column":0},"end":{"line":71,"column":19}},"71":{"start":{"line":72,"column":0},"end":{"line":72,"column":19}},"72":{"start":{"line":73,"column":0},"end":{"line":73,"column":17}},"73":{"start":{"line":74,"column":0},"end":{"line":74,"column":12}},"74":{"start":{"line":75,"column":0},"end":{"line":75,"column":47}},"77":{"start":{"line":78,"column":0},"end":{"line":78,"column":45}},"78":{"start":{"line":79,"column":0},"end":{"line":79,"column":36}},"79":{"start":{"line":80,"column":0},"end":{"line":80,"column":79}},"80":{"start":{"line":81,"column":0},"end":{"line":81,"column":68}},"83":{"start":{"line":84,"column":0},"end":{"line":84,"column":73}},"84":{"start":{"line":85,"column":0},"end":{"line":85,"column":21}},"85":{"start":{"line":86,"column":0},"end":{"line":86,"column":17}},"86":{"start":{"line":87,"column":0},"end":{"line":87,"column":3}},"89":{"start":{"line":90,"column":0},"end":{"line":90,"column":20}},"90":{"start":{"line":91,"column":0},"end":{"line":91,"column":78}},"91":{"start":{"line":92,"column":0},"end":{"line":92,"column":3}},"93":{"start":{"line":94,"column":0},"end":{"line":94,"column":14}},"94":{"start":{"line":95,"column":0},"end":{"line":95,"column":1}},"99":{"start":{"line":100,"column":0},"end":{"line":100,"column":28}},"100":{"start":{"line":101,"column":0},"end":{"line":101,"column":18}},"101":{"start":{"line":102,"column":0},"end":{"line":102,"column":19}},"102":{"start":{"line":103,"column":0},"end":{"line":103,"column":17}},"103":{"start":{"line":104,"column":0},"end":{"line":104,"column":12}},"105":{"start":{"line":106,"column":0},"end":{"line":106,"column":29}},"106":{"start":{"line":107,"column":0},"end":{"line":107,"column":16}},"107":{"start":{"line":108,"column":0},"end":{"line":108,"column":3}},"110":{"start":{"line":111,"column":0},"end":{"line":111,"column":43}},"111":{"start":{"line":112,"column":0},"end":{"line":112,"column":31}},"112":{"start":{"line":113,"column":0},"end":{"line":113,"column":3}},"115":{"start":{"line":116,"column":0},"end":{"line":116,"column":25}},"116":{"start":{"line":117,"column":0},"end":{"line":117,"column":16}},"117":{"start":{"line":118,"column":0},"end":{"line":118,"column":3}},"120":{"start":{"line":121,"column":0},"end":{"line":121,"column":25}},"121":{"start":{"line":122,"column":0},"end":{"line":122,"column":42}},"122":{"start":{"line":123,"column":0},"end":{"line":123,"column":3}},"125":{"start":{"line":126,"column":0},"end":{"line":126,"column":26}},"126":{"start":{"line":127,"column":0},"end":{"line":127,"column":41}},"127":{"start":{"line":128,"column":0},"end":{"line":128,"column":3}},"130":{"start":{"line":131,"column":0},"end":{"line":131,"column":62}},"131":{"start":{"line":132,"column":0},"end":{"line":132,"column":33}},"132":{"start":{"line":133,"column":0},"end":{"line":133,"column":63}},"133":{"start":{"line":134,"column":0},"end":{"line":134,"column":3}},"136":{"start":{"line":137,"column":0},"end":{"line":137,"column":33}},"137":{"start":{"line":138,"column":0},"end":{"line":138,"column":40}},"138":{"start":{"line":139,"column":0},"end":{"line":139,"column":46}},"141":{"start":{"line":142,"column":0},"end":{"line":142,"column":49}},"142":{"start":{"line":143,"column":0},"end":{"line":143,"column":54}},"143":{"start":{"line":144,"column":0},"end":{"line":144,"column":5}},"144":{"start":{"line":145,"column":0},"end":{"line":145,"column":17}},"145":{"start":{"line":146,"column":0},"end":{"line":146,"column":3}},"148":{"start":{"line":149,"column":0},"end":{"line":149,"column":34}},"149":{"start":{"line":150,"column":0},"end":{"line":150,"column":40}},"150":{"start":{"line":151,"column":0},"end":{"line":151,"column":46}},"151":{"start":{"line":152,"column":0},"end":{"line":152,"column":49}},"153":{"start":{"line":154,"column":0},"end":{"line":154,"column":48}},"154":{"start":{"line":155,"column":0},"end":{"line":155,"column":5}},"155":{"start":{"line":156,"column":0},"end":{"line":156,"column":17}},"156":{"start":{"line":157,"column":0},"end":{"line":157,"column":3}},"160":{"start":{"line":161,"column":0},"end":{"line":161,"column":31}},"161":{"start":{"line":162,"column":0},"end":{"line":162,"column":43}},"163":{"start":{"line":164,"column":0},"end":{"line":164,"column":55}},"164":{"start":{"line":165,"column":0},"end":{"line":165,"column":18}},"165":{"start":{"line":166,"column":0},"end":{"line":166,"column":5}},"166":{"start":{"line":167,"column":0},"end":{"line":167,"column":17}},"167":{"start":{"line":168,"column":0},"end":{"line":168,"column":3}},"171":{"start":{"line":172,"column":0},"end":{"line":172,"column":32}},"172":{"start":{"line":173,"column":0},"end":{"line":173,"column":43}},"173":{"start":{"line":174,"column":0},"end":{"line":174,"column":54}},"174":{"start":{"line":175,"column":0},"end":{"line":175,"column":18}},"175":{"start":{"line":176,"column":0},"end":{"line":176,"column":5}},"176":{"start":{"line":177,"column":0},"end":{"line":177,"column":17}},"177":{"start":{"line":178,"column":0},"end":{"line":178,"column":3}},"181":{"start":{"line":182,"column":0},"end":{"line":182,"column":56}},"182":{"start":{"line":183,"column":0},"end":{"line":183,"column":43}},"184":{"start":{"line":185,"column":0},"end":{"line":185,"column":55}},"185":{"start":{"line":186,"column":0},"end":{"line":186,"column":18}},"186":{"start":{"line":187,"column":0},"end":{"line":187,"column":5}},"187":{"start":{"line":188,"column":0},"end":{"line":188,"column":17}},"188":{"start":{"line":189,"column":0},"end":{"line":189,"column":3}},"190":{"start":{"line":191,"column":0},"end":{"line":191,"column":15}},"191":{"start":{"line":192,"column":0},"end":{"line":192,"column":1}},"196":{"start":{"line":197,"column":0},"end":{"line":197,"column":56}},"197":{"start":{"line":198,"column":0},"end":{"line":198,"column":48}},"198":{"start":{"line":199,"column":0},"end":{"line":199,"column":34}},"199":{"start":{"line":200,"column":0},"end":{"line":200,"column":14}},"200":{"start":{"line":201,"column":0},"end":{"line":201,"column":42}},"201":{"start":{"line":202,"column":0},"end":{"line":202,"column":6}},"202":{"start":{"line":203,"column":0},"end":{"line":203,"column":3}},"205":{"start":{"line":206,"column":0},"end":{"line":206,"column":27}},"206":{"start":{"line":207,"column":0},"end":{"line":207,"column":66}},"207":{"start":{"line":208,"column":0},"end":{"line":208,"column":3}},"210":{"start":{"line":211,"column":0},"end":{"line":211,"column":1}}},"s":{"0":1,"21":1,"23":439,"24":439,"25":115,"26":115,"27":115,"28":115,"29":324,"30":324,"35":1,"39":47,"40":47,"41":47,"42":47,"43":47,"45":47,"46":47,"51":57,"55":57,"56":57,"61":122,"62":122,"63":122,"68":1,"69":413,"70":413,"71":413,"72":413,"73":413,"74":413,"77":413,"78":413,"79":413,"80":413,"83":413,"84":413,"85":106,"86":106,"89":413,"90":104,"91":104,"93":203,"94":203,"99":413,"100":413,"101":413,"102":413,"103":413,"105":413,"106":32,"107":32,"110":413,"111":96,"112":96,"115":413,"116":33,"117":33,"120":413,"121":39,"122":39,"125":413,"126":18,"127":18,"130":413,"131":26,"132":26,"133":26,"136":413,"137":20,"138":20,"141":15,"142":15,"143":15,"144":5,"145":5,"148":413,"149":13,"150":13,"151":9,"153":9,"154":9,"155":4,"156":4,"160":392,"161":89,"163":89,"164":50,"165":50,"166":39,"167":39,"171":379,"172":22,"173":22,"174":21,"175":21,"176":1,"177":1,"181":413,"182":20,"184":20,"185":16,"186":16,"187":4,"188":4,"190":5,"191":5,"196":1,"197":25,"198":1,"199":1,"200":1,"201":1,"202":1,"205":25,"206":2,"207":2,"210":25},"branchMap":{"0":{"type":"branch","line":22,"loc":{"start":{"line":22,"column":7},"end":{"line":31,"column":1}},"locations":[{"start":{"line":22,"column":7},"end":{"line":31,"column":1}}]},"1":{"type":"branch","line":25,"loc":{"start":{"line":25,"column":25},"end":{"line":29,"column":3}},"locations":[{"start":{"line":25,"column":25},"end":{"line":29,"column":3}}]},"2":{"type":"branch","line":29,"loc":{"start":{"line":29,"column":2},"end":{"line":31,"column":1}},"locations":[{"start":{"line":29,"column":2},"end":{"line":31,"column":1}}]},"3":{"type":"branch","line":36,"loc":{"start":{"line":36,"column":7},"end":{"line":47,"column":1}},"locations":[{"start":{"line":36,"column":7},"end":{"line":47,"column":1}}]},"4":{"type":"branch","line":52,"loc":{"start":{"line":52,"column":0},"end":{"line":57,"column":1}},"locations":[{"start":{"line":52,"column":0},"end":{"line":57,"column":1}}]},"5":{"type":"branch","line":62,"loc":{"start":{"line":62,"column":0},"end":{"line":64,"column":1}},"locations":[{"start":{"line":62,"column":0},"end":{"line":64,"column":1}}]},"6":{"type":"branch","line":69,"loc":{"start":{"line":69,"column":7},"end":{"line":95,"column":1}},"locations":[{"start":{"line":69,"column":7},"end":{"line":95,"column":1}}]},"7":{"type":"branch","line":80,"loc":{"start":{"line":80,"column":24},"end":{"line":80,"column":68}},"locations":[{"start":{"line":80,"column":24},"end":{"line":80,"column":68}}]},"8":{"type":"branch","line":80,"loc":{"start":{"line":80,"column":64},"end":{"line":80,"column":79}},"locations":[{"start":{"line":80,"column":64},"end":{"line":80,"column":79}}]},"9":{"type":"branch","line":81,"loc":{"start":{"line":81,"column":22},"end":{"line":81,"column":63}},"locations":[{"start":{"line":81,"column":22},"end":{"line":81,"column":63}}]},"10":{"type":"branch","line":81,"loc":{"start":{"line":81,"column":59},"end":{"line":81,"column":68}},"locations":[{"start":{"line":81,"column":59},"end":{"line":81,"column":68}}]},"11":{"type":"branch","line":85,"loc":{"start":{"line":85,"column":20},"end":{"line":87,"column":3}},"locations":[{"start":{"line":85,"column":20},"end":{"line":87,"column":3}}]},"12":{"type":"branch","line":87,"loc":{"start":{"line":87,"column":2},"end":{"line":90,"column":19}},"locations":[{"start":{"line":87,"column":2},"end":{"line":90,"column":19}}]},"13":{"type":"branch","line":90,"loc":{"start":{"line":90,"column":19},"end":{"line":92,"column":3}},"locations":[{"start":{"line":90,"column":19},"end":{"line":92,"column":3}}]},"14":{"type":"branch","line":91,"loc":{"start":{"line":91,"column":24},"end":{"line":91,"column":78}},"locations":[{"start":{"line":91,"column":24},"end":{"line":91,"column":78}}]},"15":{"type":"branch","line":92,"loc":{"start":{"line":92,"column":2},"end":{"line":95,"column":1}},"locations":[{"start":{"line":92,"column":2},"end":{"line":95,"column":1}}]},"16":{"type":"branch","line":100,"loc":{"start":{"line":100,"column":0},"end":{"line":192,"column":1}},"locations":[{"start":{"line":100,"column":0},"end":{"line":192,"column":1}}]},"17":{"type":"branch","line":106,"loc":{"start":{"line":106,"column":28},"end":{"line":108,"column":3}},"locations":[{"start":{"line":106,"column":28},"end":{"line":108,"column":3}}]},"18":{"type":"branch","line":108,"loc":{"start":{"line":108,"column":2},"end":{"line":111,"column":25}},"locations":[{"start":{"line":108,"column":2},"end":{"line":111,"column":25}}]},"19":{"type":"branch","line":111,"loc":{"start":{"line":111,"column":18},"end":{"line":111,"column":42}},"locations":[{"start":{"line":111,"column":18},"end":{"line":111,"column":42}}]},"20":{"type":"branch","line":111,"loc":{"start":{"line":111,"column":42},"end":{"line":116,"column":24}},"locations":[{"start":{"line":111,"column":42},"end":{"line":116,"column":24}}]},"21":{"type":"branch","line":111,"loc":{"start":{"line":111,"column":42},"end":{"line":113,"column":3}},"locations":[{"start":{"line":111,"column":42},"end":{"line":113,"column":3}}]},"22":{"type":"branch","line":113,"loc":{"start":{"line":113,"column":2},"end":{"line":116,"column":24}},"locations":[{"start":{"line":113,"column":2},"end":{"line":116,"column":24}}]},"23":{"type":"branch","line":116,"loc":{"start":{"line":116,"column":24},"end":{"line":118,"column":3}},"locations":[{"start":{"line":116,"column":24},"end":{"line":118,"column":3}}]},"24":{"type":"branch","line":118,"loc":{"start":{"line":118,"column":2},"end":{"line":121,"column":24}},"locations":[{"start":{"line":118,"column":2},"end":{"line":121,"column":24}}]},"25":{"type":"branch","line":121,"loc":{"start":{"line":121,"column":24},"end":{"line":123,"column":3}},"locations":[{"start":{"line":121,"column":24},"end":{"line":123,"column":3}}]},"26":{"type":"branch","line":123,"loc":{"start":{"line":123,"column":2},"end":{"line":126,"column":25}},"locations":[{"start":{"line":123,"column":2},"end":{"line":126,"column":25}}]},"27":{"type":"branch","line":126,"loc":{"start":{"line":126,"column":25},"end":{"line":128,"column":3}},"locations":[{"start":{"line":126,"column":25},"end":{"line":128,"column":3}}]},"28":{"type":"branch","line":128,"loc":{"start":{"line":128,"column":2},"end":{"line":131,"column":34}},"locations":[{"start":{"line":128,"column":2},"end":{"line":131,"column":34}}]},"29":{"type":"branch","line":131,"loc":{"start":{"line":131,"column":29},"end":{"line":131,"column":61}},"locations":[{"start":{"line":131,"column":29},"end":{"line":131,"column":61}}]},"30":{"type":"branch","line":131,"loc":{"start":{"line":131,"column":61},"end":{"line":134,"column":3}},"locations":[{"start":{"line":131,"column":61},"end":{"line":134,"column":3}}]},"31":{"type":"branch","line":133,"loc":{"start":{"line":133,"column":29},"end":{"line":133,"column":63}},"locations":[{"start":{"line":133,"column":29},"end":{"line":133,"column":63}}]},"32":{"type":"branch","line":134,"loc":{"start":{"line":134,"column":2},"end":{"line":137,"column":32}},"locations":[{"start":{"line":134,"column":2},"end":{"line":137,"column":32}}]},"33":{"type":"branch","line":137,"loc":{"start":{"line":137,"column":32},"end":{"line":146,"column":3}},"locations":[{"start":{"line":137,"column":32},"end":{"line":146,"column":3}}]},"34":{"type":"branch","line":139,"loc":{"start":{"line":139,"column":45},"end":{"line":144,"column":5}},"locations":[{"start":{"line":139,"column":45},"end":{"line":144,"column":5}}]},"35":{"type":"branch","line":144,"loc":{"start":{"line":144,"column":4},"end":{"line":146,"column":3}},"locations":[{"start":{"line":144,"column":4},"end":{"line":146,"column":3}}]},"36":{"type":"branch","line":146,"loc":{"start":{"line":146,"column":2},"end":{"line":149,"column":33}},"locations":[{"start":{"line":146,"column":2},"end":{"line":149,"column":33}}]},"37":{"type":"branch","line":149,"loc":{"start":{"line":149,"column":33},"end":{"line":157,"column":3}},"locations":[{"start":{"line":149,"column":33},"end":{"line":157,"column":3}}]},"38":{"type":"branch","line":151,"loc":{"start":{"line":151,"column":45},"end":{"line":155,"column":5}},"locations":[{"start":{"line":151,"column":45},"end":{"line":155,"column":5}}]},"39":{"type":"branch","line":155,"loc":{"start":{"line":155,"column":4},"end":{"line":157,"column":3}},"locations":[{"start":{"line":155,"column":4},"end":{"line":157,"column":3}}]},"40":{"type":"branch","line":157,"loc":{"start":{"line":157,"column":2},"end":{"line":168,"column":3}},"locations":[{"start":{"line":157,"column":2},"end":{"line":168,"column":3}}]},"41":{"type":"branch","line":157,"loc":{"start":{"line":157,"column":2},"end":{"line":161,"column":30}},"locations":[{"start":{"line":157,"column":2},"end":{"line":161,"column":30}}]},"42":{"type":"branch","line":161,"loc":{"start":{"line":161,"column":30},"end":{"line":168,"column":3}},"locations":[{"start":{"line":161,"column":30},"end":{"line":168,"column":3}}]},"43":{"type":"branch","line":164,"loc":{"start":{"line":164,"column":25},"end":{"line":164,"column":54}},"locations":[{"start":{"line":164,"column":25},"end":{"line":164,"column":54}}]},"44":{"type":"branch","line":164,"loc":{"start":{"line":164,"column":54},"end":{"line":168,"column":3}},"locations":[{"start":{"line":164,"column":54},"end":{"line":168,"column":3}}]},"45":{"type":"branch","line":164,"loc":{"start":{"line":164,"column":54},"end":{"line":166,"column":5}},"locations":[{"start":{"line":164,"column":54},"end":{"line":166,"column":5}}]},"46":{"type":"branch","line":166,"loc":{"start":{"line":166,"column":4},"end":{"line":168,"column":3}},"locations":[{"start":{"line":166,"column":4},"end":{"line":168,"column":3}}]},"47":{"type":"branch","line":168,"loc":{"start":{"line":168,"column":2},"end":{"line":182,"column":55}},"locations":[{"start":{"line":168,"column":2},"end":{"line":182,"column":55}}]},"48":{"type":"branch","line":168,"loc":{"start":{"line":168,"column":2},"end":{"line":172,"column":31}},"locations":[{"start":{"line":168,"column":2},"end":{"line":172,"column":31}}]},"49":{"type":"branch","line":172,"loc":{"start":{"line":172,"column":31},"end":{"line":178,"column":3}},"locations":[{"start":{"line":172,"column":31},"end":{"line":178,"column":3}}]},"50":{"type":"branch","line":174,"loc":{"start":{"line":174,"column":24},"end":{"line":174,"column":53}},"locations":[{"start":{"line":174,"column":24},"end":{"line":174,"column":53}}]},"51":{"type":"branch","line":174,"loc":{"start":{"line":174,"column":53},"end":{"line":176,"column":5}},"locations":[{"start":{"line":174,"column":53},"end":{"line":176,"column":5}}]},"52":{"type":"branch","line":176,"loc":{"start":{"line":176,"column":4},"end":{"line":178,"column":3}},"locations":[{"start":{"line":176,"column":4},"end":{"line":178,"column":3}}]},"53":{"type":"branch","line":178,"loc":{"start":{"line":178,"column":2},"end":{"line":182,"column":31}},"locations":[{"start":{"line":178,"column":2},"end":{"line":182,"column":31}}]},"54":{"type":"branch","line":182,"loc":{"start":{"line":182,"column":26},"end":{"line":182,"column":55}},"locations":[{"start":{"line":182,"column":26},"end":{"line":182,"column":55}}]},"55":{"type":"branch","line":182,"loc":{"start":{"line":182,"column":55},"end":{"line":192,"column":1}},"locations":[{"start":{"line":182,"column":55},"end":{"line":192,"column":1}}]},"56":{"type":"branch","line":182,"loc":{"start":{"line":182,"column":55},"end":{"line":189,"column":3}},"locations":[{"start":{"line":182,"column":55},"end":{"line":189,"column":3}}]},"57":{"type":"branch","line":185,"loc":{"start":{"line":185,"column":25},"end":{"line":185,"column":54}},"locations":[{"start":{"line":185,"column":25},"end":{"line":185,"column":54}}]},"58":{"type":"branch","line":185,"loc":{"start":{"line":185,"column":54},"end":{"line":187,"column":5}},"locations":[{"start":{"line":185,"column":54},"end":{"line":187,"column":5}}]},"59":{"type":"branch","line":187,"loc":{"start":{"line":187,"column":4},"end":{"line":189,"column":3}},"locations":[{"start":{"line":187,"column":4},"end":{"line":189,"column":3}}]},"60":{"type":"branch","line":189,"loc":{"start":{"line":189,"column":2},"end":{"line":192,"column":1}},"locations":[{"start":{"line":189,"column":2},"end":{"line":192,"column":1}}]},"61":{"type":"branch","line":197,"loc":{"start":{"line":197,"column":7},"end":{"line":211,"column":1}},"locations":[{"start":{"line":197,"column":7},"end":{"line":211,"column":1}}]},"62":{"type":"branch","line":198,"loc":{"start":{"line":198,"column":7},"end":{"line":198,"column":47}},"locations":[{"start":{"line":198,"column":7},"end":{"line":198,"column":47}}]},"63":{"type":"branch","line":198,"loc":{"start":{"line":198,"column":47},"end":{"line":203,"column":3}},"locations":[{"start":{"line":198,"column":47},"end":{"line":203,"column":3}}]},"64":{"type":"branch","line":203,"loc":{"start":{"line":203,"column":2},"end":{"line":206,"column":26}},"locations":[{"start":{"line":203,"column":2},"end":{"line":206,"column":26}}]},"65":{"type":"branch","line":206,"loc":{"start":{"line":206,"column":26},"end":{"line":208,"column":3}},"locations":[{"start":{"line":206,"column":26},"end":{"line":208,"column":3}}]}},"b":{"0":[439],"1":[115],"2":[324],"3":[47],"4":[57],"5":[122],"6":[413],"7":[110],"8":[303],"9":[110],"10":[303],"11":[106],"12":[307],"13":[104],"14":[67],"15":[203],"16":[413],"17":[32],"18":[381],"19":[298],"20":[402],"21":[96],"22":[285],"23":[33],"24":[252],"25":[39],"26":[213],"27":[18],"28":[195],"29":[46],"30":[26],"31":[23],"32":[169],"33":[20],"34":[15],"35":[5],"36":[149],"37":[13],"38":[9],"39":[4],"40":[392],"41":[136],"42":[89],"43":[69],"44":[85],"45":[50],"46":[39],"47":[379],"48":[47],"49":[22],"50":[21],"51":[21],"52":[1],"53":[25],"54":[20],"55":[379],"56":[20],"57":[18],"58":[16],"59":[4],"60":[5],"61":[25],"62":[24],"63":[1],"64":[24],"65":[2]},"fnMap":{"0":{"name":"normalizePattern","decl":{"start":{"line":22,"column":7},"end":{"line":31,"column":1}},"loc":{"start":{"line":22,"column":7},"end":{"line":31,"column":1}},"line":22},"1":{"name":"parseRequest","decl":{"start":{"line":36,"column":7},"end":{"line":47,"column":1}},"loc":{"start":{"line":36,"column":7},"end":{"line":47,"column":1}},"line":36},"2":{"name":"getSubdomainLevel","decl":{"start":{"line":52,"column":0},"end":{"line":57,"column":1}},"loc":{"start":{"line":52,"column":0},"end":{"line":57,"column":1}},"line":52},"3":{"name":"isApexDomain","decl":{"start":{"line":62,"column":0},"end":{"line":64,"column":1}},"loc":{"start":{"line":62,"column":0},"end":{"line":64,"column":1}},"line":62},"4":{"name":"matchPattern","decl":{"start":{"line":69,"column":7},"end":{"line":95,"column":1}},"loc":{"start":{"line":69,"column":7},"end":{"line":95,"column":1}},"line":69},"5":{"name":"matchDomainPattern","decl":{"start":{"line":100,"column":0},"end":{"line":192,"column":1}},"loc":{"start":{"line":100,"column":0},"end":{"line":192,"column":1}},"line":100},"6":{"name":"validatePattern","decl":{"start":{"line":197,"column":7},"end":{"line":211,"column":1}},"loc":{"start":{"line":197,"column":7},"end":{"line":211,"column":1}},"line":197}},"f":{"0":439,"1":47,"2":57,"3":122,"4":413,"5":413,"6":25}}
,"/Users/ivotodorov/Development/temp/vite-rsc/packages/host-router/src/router.ts": {"path":"/Users/ivotodorov/Development/temp/vite-rsc/packages/host-router/src/router.ts","all":false,"statementMap":{"0":{"start":{"line":1,"column":0},"end":{"line":1,"column":3}},"32":{"start":{"line":33,"column":0},"end":{"line":33,"column":79}},"33":{"start":{"line":34,"column":0},"end":{"line":34,"column":34}},"34":{"start":{"line":35,"column":0},"end":{"line":35,"column":44}},"35":{"start":{"line":36,"column":0},"end":{"line":36,"column":46}},"37":{"start":{"line":38,"column":0},"end":{"line":38,"column":50}},"39":{"start":{"line":40,"column":0},"end":{"line":40,"column":55}},"40":{"start":{"line":41,"column":0},"end":{"line":41,"column":16}},"41":{"start":{"line":42,"column":0},"end":{"line":42,"column":54}},"42":{"start":{"line":43,"column":0},"end":{"line":43,"column":5}},"43":{"start":{"line":44,"column":0},"end":{"line":44,"column":3}},"48":{"start":{"line":49,"column":0},"end":{"line":49,"column":30}},"49":{"start":{"line":50,"column":0},"end":{"line":50,"column":23}},"50":{"start":{"line":51,"column":0},"end":{"line":51,"column":22}},"51":{"start":{"line":52,"column":0},"end":{"line":52,"column":23}},"52":{"start":{"line":53,"column":0},"end":{"line":53,"column":40}},"54":{"start":{"line":55,"column":0},"end":{"line":55,"column":12}},"55":{"start":{"line":56,"column":0},"end":{"line":56,"column":50}},"56":{"start":{"line":57,"column":0},"end":{"line":57,"column":31}},"57":{"start":{"line":58,"column":0},"end":{"line":58,"column":20}},"58":{"start":{"line":59,"column":0},"end":{"line":59,"column":8}},"60":{"start":{"line":61,"column":0},"end":{"line":61,"column":55}},"61":{"start":{"line":62,"column":0},"end":{"line":62,"column":35}},"62":{"start":{"line":63,"column":0},"end":{"line":63,"column":19}},"63":{"start":{"line":64,"column":0},"end":{"line":64,"column":21}},"64":{"start":{"line":65,"column":0},"end":{"line":65,"column":18}},"65":{"start":{"line":66,"column":0},"end":{"line":66,"column":21}},"66":{"start":{"line":67,"column":0},"end":{"line":67,"column":10}},"68":{"start":{"line":69,"column":0},"end":{"line":69,"column":25}},"69":{"start":{"line":70,"column":0},"end":{"line":70,"column":32}},"70":{"start":{"line":71,"column":0},"end":{"line":71,"column":16}},"71":{"start":{"line":72,"column":0},"end":{"line":72,"column":29}},"72":{"start":{"line":73,"column":0},"end":{"line":73,"column":9}},"74":{"start":{"line":75,"column":0},"end":{"line":75,"column":12}},"75":{"start":{"line":76,"column":0},"end":{"line":76,"column":61}},"76":{"start":{"line":77,"column":0},"end":{"line":77,"column":29}},"77":{"start":{"line":78,"column":0},"end":{"line":78,"column":10}},"79":{"start":{"line":80,"column":0},"end":{"line":80,"column":22}},"80":{"start":{"line":81,"column":0},"end":{"line":81,"column":8}},"81":{"start":{"line":82,"column":0},"end":{"line":82,"column":6}},"82":{"start":{"line":83,"column":0},"end":{"line":83,"column":3}},"87":{"start":{"line":88,"column":0},"end":{"line":88,"column":29}},"88":{"start":{"line":89,"column":0},"end":{"line":89,"column":21}},"89":{"start":{"line":90,"column":0},"end":{"line":90,"column":20}},"90":{"start":{"line":91,"column":0},"end":{"line":91,"column":24}},"91":{"start":{"line":92,"column":0},"end":{"line":92,"column":38}},"93":{"start":{"line":94,"column":0},"end":{"line":94,"column":33}},"94":{"start":{"line":95,"column":0},"end":{"line":95,"column":45}},"95":{"start":{"line":96,"column":0},"end":{"line":96,"column":63}},"96":{"start":{"line":97,"column":0},"end":{"line":97,"column":49}},"97":{"start":{"line":98,"column":0},"end":{"line":98,"column":23}},"98":{"start":{"line":99,"column":0},"end":{"line":99,"column":9}},"99":{"start":{"line":100,"column":0},"end":{"line":100,"column":7}},"100":{"start":{"line":101,"column":0},"end":{"line":101,"column":5}},"102":{"start":{"line":103,"column":0},"end":{"line":103,"column":16}},"103":{"start":{"line":104,"column":0},"end":{"line":104,"column":3}},"108":{"start":{"line":109,"column":0},"end":{"line":109,"column":35}},"109":{"start":{"line":110,"column":0},"end":{"line":110,"column":29}},"110":{"start":{"line":111,"column":0},"end":{"line":111,"column":21}},"111":{"start":{"line":112,"column":0},"end":{"line":112,"column":17}},"112":{"start":{"line":113,"column":0},"end":{"line":113,"column":41}},"113":{"start":{"line":114,"column":0},"end":{"line":114,"column":24}},"114":{"start":{"line":115,"column":0},"end":{"line":115,"column":18}},"116":{"start":{"line":117,"column":0},"end":{"line":117,"column":46}},"117":{"start":{"line":118,"column":0},"end":{"line":118,"column":39}},"118":{"start":{"line":119,"column":0},"end":{"line":119,"column":30}},"119":{"start":{"line":120,"column":0},"end":{"line":120,"column":7}},"121":{"start":{"line":122,"column":0},"end":{"line":122,"column":37}},"122":{"start":{"line":123,"column":0},"end":{"line":123,"column":16}},"123":{"start":{"line":124,"column":0},"end":{"line":124,"column":30}},"124":{"start":{"line":125,"column":0},"end":{"line":125,"column":7}},"126":{"start":{"line":127,"column":0},"end":{"line":127,"column":40}},"127":{"start":{"line":128,"column":0},"end":{"line":128,"column":5}},"129":{"start":{"line":130,"column":0},"end":{"line":130,"column":18}},"130":{"start":{"line":131,"column":0},"end":{"line":131,"column":3}},"135":{"start":{"line":136,"column":0},"end":{"line":136,"column":32}},"136":{"start":{"line":137,"column":0},"end":{"line":137,"column":35}},"137":{"start":{"line":138,"column":0},"end":{"line":138,"column":21}},"138":{"start":{"line":139,"column":0},"end":{"line":139,"column":16}},"139":{"start":{"line":140,"column":0},"end":{"line":140,"column":24}},"141":{"start":{"line":142,"column":0},"end":{"line":142,"column":40}},"142":{"start":{"line":143,"column":0},"end":{"line":143,"column":47}},"145":{"start":{"line":146,"column":0},"end":{"line":146,"column":69}},"146":{"start":{"line":147,"column":0},"end":{"line":147,"column":36}},"147":{"start":{"line":148,"column":0},"end":{"line":148,"column":12}},"148":{"start":{"line":149,"column":0},"end":{"line":149,"column":39}},"149":{"start":{"line":150,"column":0},"end":{"line":150,"column":28}},"150":{"start":{"line":151,"column":0},"end":{"line":151,"column":29}},"151":{"start":{"line":152,"column":0},"end":{"line":152,"column":11}},"152":{"start":{"line":153,"column":0},"end":{"line":153,"column":77}},"153":{"start":{"line":154,"column":0},"end":{"line":154,"column":21}},"156":{"start":{"line":157,"column":0},"end":{"line":157,"column":14}},"157":{"start":{"line":158,"column":0},"end":{"line":158,"column":48}},"158":{"start":{"line":159,"column":0},"end":{"line":159,"column":37}},"159":{"start":{"line":160,"column":0},"end":{"line":160,"column":36}},"160":{"start":{"line":161,"column":0},"end":{"line":161,"column":13}},"161":{"start":{"line":162,"column":0},"end":{"line":162,"column":73}},"162":{"start":{"line":163,"column":0},"end":{"line":163,"column":11}},"165":{"start":{"line":166,"column":0},"end":{"line":166,"column":62}},"166":{"start":{"line":167,"column":0},"end":{"line":167,"column":9}},"168":{"start":{"line":169,"column":0},"end":{"line":169,"column":43}},"169":{"start":{"line":170,"column":0},"end":{"line":170,"column":7}},"172":{"start":{"line":173,"column":0},"end":{"line":173,"column":52}},"173":{"start":{"line":174,"column":0},"end":{"line":174,"column":5}},"175":{"start":{"line":176,"column":0},"end":{"line":176,"column":44}},"176":{"start":{"line":177,"column":0},"end":{"line":177,"column":3}},"181":{"start":{"line":182,"column":0},"end":{"line":182,"column":30}},"182":{"start":{"line":183,"column":0},"end":{"line":183,"column":51}},"183":{"start":{"line":184,"column":0},"end":{"line":184,"column":76}},"186":{"start":{"line":187,"column":0},"end":{"line":187,"column":51}},"187":{"start":{"line":188,"column":0},"end":{"line":188,"column":27}},"188":{"start":{"line":189,"column":0},"end":{"line":189,"column":35}},"189":{"start":{"line":190,"column":0},"end":{"line":190,"column":9}},"191":{"start":{"line":192,"column":0},"end":{"line":192,"column":51}},"192":{"start":{"line":193,"column":0},"end":{"line":193,"column":6}},"194":{"start":{"line":195,"column":0},"end":{"line":195,"column":50}},"195":{"start":{"line":196,"column":0},"end":{"line":196,"column":43}},"196":{"start":{"line":197,"column":0},"end":{"line":197,"column":65}},"197":{"start":{"line":198,"column":0},"end":{"line":198,"column":20}},"198":{"start":{"line":199,"column":0},"end":{"line":199,"column":6}},"200":{"start":{"line":201,"column":0},"end":{"line":201,"column":34}},"201":{"start":{"line":202,"column":0},"end":{"line":202,"column":42}},"202":{"start":{"line":203,"column":0},"end":{"line":203,"column":6}},"204":{"start":{"line":205,"column":0},"end":{"line":205,"column":52}},"205":{"start":{"line":206,"column":0},"end":{"line":206,"column":40}},"206":{"start":{"line":207,"column":0},"end":{"line":207,"column":27}},"208":{"start":{"line":209,"column":0},"end":{"line":209,"column":35}},"209":{"start":{"line":210,"column":0},"end":{"line":210,"column":47}},"210":{"start":{"line":211,"column":0},"end":{"line":211,"column":65}},"211":{"start":{"line":212,"column":0},"end":{"line":212,"column":20}},"212":{"start":{"line":213,"column":0},"end":{"line":213,"column":22}},"213":{"start":{"line":214,"column":0},"end":{"line":214,"column":37}},"214":{"start":{"line":215,"column":0},"end":{"line":215,"column":14}},"215":{"start":{"line":216,"column":0},"end":{"line":216,"column":11}},"216":{"start":{"line":217,"column":0},"end":{"line":217,"column":9}},"217":{"start":{"line":218,"column":0},"end":{"line":218,"column":7}},"219":{"start":{"line":220,"column":0},"end":{"line":220,"column":18}},"220":{"start":{"line":221,"column":0},"end":{"line":221,"column":6}},"222":{"start":{"line":223,"column":0},"end":{"line":223,"column":73}},"223":{"start":{"line":224,"column":0},"end":{"line":224,"column":37}},"225":{"start":{"line":226,"column":0},"end":{"line":226,"column":36}},"227":{"start":{"line":228,"column":0},"end":{"line":228,"column":11}},"229":{"start":{"line":230,"column":0},"end":{"line":230,"column":49}},"230":{"start":{"line":231,"column":0},"end":{"line":231,"column":18}},"231":{"start":{"line":232,"column":0},"end":{"line":232,"column":23}},"232":{"start":{"line":233,"column":0},"end":{"line":233,"column":17}},"233":{"start":{"line":234,"column":0},"end":{"line":234,"column":10}},"234":{"start":{"line":235,"column":0},"end":{"line":235,"column":23}},"236":{"start":{"line":237,"column":0},"end":{"line":237,"column":47}},"237":{"start":{"line":238,"column":0},"end":{"line":238,"column":57}},"240":{"start":{"line":241,"column":0},"end":{"line":241,"column":30}},"241":{"start":{"line":242,"column":0},"end":{"line":242,"column":34}},"242":{"start":{"line":243,"column":0},"end":{"line":243,"column":35}},"243":{"start":{"line":244,"column":0},"end":{"line":244,"column":34}},"244":{"start":{"line":245,"column":0},"end":{"line":245,"column":42}},"245":{"start":{"line":246,"column":0},"end":{"line":246,"column":14}},"247":{"start":{"line":248,"column":0},"end":{"line":248,"column":75}},"248":{"start":{"line":249,"column":0},"end":{"line":249,"column":70}},"249":{"start":{"line":250,"column":0},"end":{"line":250,"column":14}},"250":{"start":{"line":251,"column":0},"end":{"line":251,"column":11}},"253":{"start":{"line":254,"column":0},"end":{"line":254,"column":29}},"254":{"start":{"line":255,"column":0},"end":{"line":255,"column":45}},"255":{"start":{"line":256,"column":0},"end":{"line":256,"column":38}},"256":{"start":{"line":257,"column":0},"end":{"line":257,"column":27}},"257":{"start":{"line":258,"column":0},"end":{"line":258,"column":14}},"258":{"start":{"line":259,"column":0},"end":{"line":259,"column":11}},"259":{"start":{"line":260,"column":0},"end":{"line":260,"column":9}},"262":{"start":{"line":263,"column":0},"end":{"line":263,"column":20}},"263":{"start":{"line":264,"column":0},"end":{"line":264,"column":7}},"265":{"start":{"line":266,"column":0},"end":{"line":266,"column":49}},"267":{"start":{"line":268,"column":0},"end":{"line":268,"column":65}},"268":{"start":{"line":269,"column":0},"end":{"line":269,"column":53}},"269":{"start":{"line":270,"column":0},"end":{"line":270,"column":7}},"272":{"start":{"line":273,"column":0},"end":{"line":273,"column":74}},"274":{"start":{"line":275,"column":0},"end":{"line":275,"column":26}},"275":{"start":{"line":276,"column":0},"end":{"line":276,"column":32}},"276":{"start":{"line":277,"column":0},"end":{"line":277,"column":65}},"277":{"start":{"line":278,"column":0},"end":{"line":278,"column":7}},"280":{"start":{"line":281,"column":0},"end":{"line":281,"column":78}},"283":{"start":{"line":284,"column":0},"end":{"line":284,"column":69}},"284":{"start":{"line":285,"column":0},"end":{"line":285,"column":62}},"285":{"start":{"line":286,"column":0},"end":{"line":286,"column":8}},"286":{"start":{"line":287,"column":0},"end":{"line":287,"column":6}},"287":{"start":{"line":288,"column":0},"end":{"line":288,"column":4}},"289":{"start":{"line":290,"column":0},"end":{"line":290,"column":16}},"290":{"start":{"line":291,"column":0},"end":{"line":291,"column":1}}},"s":{"0":1,"32":1,"33":15,"34":15,"35":15,"37":15,"39":15,"40":53,"41":0,"42":0,"43":53,"48":15,"49":18,"50":18,"51":18,"52":18,"54":18,"55":18,"56":2,"57":2,"58":2,"60":18,"61":18,"62":18,"63":18,"64":18,"65":18,"66":18,"68":18,"69":0,"70":18,"71":18,"72":18,"74":18,"75":18,"76":18,"77":18,"79":18,"80":18,"81":18,"82":18,"87":15,"88":15,"89":15,"90":15,"91":15,"93":15,"94":17,"95":17,"96":14,"97":14,"98":14,"99":17,"100":3,"102":1,"103":15,"108":15,"109":14,"110":14,"111":14,"112":14,"113":14,"114":14,"116":14,"117":21,"118":13,"119":13,"121":8,"122":21,"123":0,"124":0,"126":8,"127":21,"129":14,"130":14,"135":15,"136":13,"137":13,"138":13,"139":13,"141":13,"142":13,"145":13,"146":2,"147":2,"148":2,"149":2,"150":2,"151":2,"152":2,"153":2,"156":2,"157":2,"158":1,"159":1,"160":2,"161":1,"162":1,"165":1,"166":1,"168":0,"169":0,"172":11,"173":11,"175":0,"176":13,"181":15,"182":15,"183":18,"186":18,"187":18,"188":18,"189":18,"191":18,"192":18,"194":15,"195":5,"196":5,"197":5,"198":5,"200":15,"201":0,"202":0,"204":15,"205":3,"206":3,"208":3,"209":5,"210":5,"211":2,"212":2,"213":2,"214":2,"215":2,"216":5,"217":3,"219":1,"220":3,"222":15,"223":15,"225":15,"227":15,"229":15,"230":15,"231":15,"232":15,"233":15,"234":15,"236":0,"237":0,"240":0,"241":0,"242":0,"243":0,"244":0,"245":0,"247":0,"248":0,"249":0,"250":0,"253":0,"254":0,"255":0,"256":0,"257":0,"258":0,"259":0,"262":0,"263":0,"265":15,"267":15,"268":0,"269":0,"272":15,"274":15,"275":1,"276":1,"277":1,"280":14,"283":14,"284":13,"285":14,"286":15,"287":15,"289":15,"290":15},"branchMap":{"0":{"type":"branch","line":33,"loc":{"start":{"line":33,"column":7},"end":{"line":291,"column":1}},"locations":[{"start":{"line":33,"column":7},"end":{"line":291,"column":1}}]},"1":{"type":"branch","line":40,"loc":{"start":{"line":40,"column":2},"end":{"line":44,"column":3}},"locations":[{"start":{"line":40,"column":2},"end":{"line":44,"column":3}}]},"2":{"type":"branch","line":41,"loc":{"start":{"line":41,"column":15},"end":{"line":43,"column":5}},"locations":[{"start":{"line":41,"column":15},"end":{"line":43,"column":5}}]},"3":{"type":"branch","line":49,"loc":{"start":{"line":49,"column":2},"end":{"line":83,"column":3}},"locations":[{"start":{"line":49,"column":2},"end":{"line":83,"column":3}}]},"4":{"type":"branch","line":56,"loc":{"start":{"line":56,"column":6},"end":{"line":59,"column":8}},"locations":[{"start":{"line":56,"column":6},"end":{"line":59,"column":8}}]},"5":{"type":"branch","line":61,"loc":{"start":{"line":61,"column":6},"end":{"line":81,"column":8}},"locations":[{"start":{"line":61,"column":6},"end":{"line":81,"column":8}}]},"6":{"type":"branch","line":69,"loc":{"start":{"line":69,"column":24},"end":{"line":71,"column":15}},"locations":[{"start":{"line":69,"column":24},"end":{"line":71,"column":15}}]},"7":{"type":"branch","line":76,"loc":{"start":{"line":76,"column":24},"end":{"line":76,"column":50}},"locations":[{"start":{"line":76,"column":24},"end":{"line":76,"column":50}}]},"8":{"type":"branch","line":88,"loc":{"start":{"line":88,"column":2},"end":{"line":104,"column":3}},"locations":[{"start":{"line":88,"column":2},"end":{"line":104,"column":3}}]},"9":{"type":"branch","line":94,"loc":{"start":{"line":94,"column":32},"end":{"line":101,"column":5}},"locations":[{"start":{"line":94,"column":32},"end":{"line":101,"column":5}}]},"10":{"type":"branch","line":96,"loc":{"start":{"line":96,"column":62},"end":{"line":99,"column":9}},"locations":[{"start":{"line":96,"column":62},"end":{"line":99,"column":9}}]},"11":{"type":"branch","line":100,"loc":{"start":{"line":100,"column":6},"end":{"line":101,"column":5}},"locations":[{"start":{"line":100,"column":6},"end":{"line":101,"column":5}}]},"12":{"type":"branch","line":101,"loc":{"start":{"line":101,"column":4},"end":{"line":103,"column":16}},"locations":[{"start":{"line":101,"column":4},"end":{"line":103,"column":16}}]},"13":{"type":"branch","line":109,"loc":{"start":{"line":109,"column":2},"end":{"line":131,"column":3}},"locations":[{"start":{"line":109,"column":2},"end":{"line":131,"column":3}}]},"14":{"type":"branch","line":117,"loc":{"start":{"line":117,"column":4},"end":{"line":128,"column":5}},"locations":[{"start":{"line":117,"column":4},"end":{"line":128,"column":5}}]},"15":{"type":"branch","line":118,"loc":{"start":{"line":118,"column":38},"end":{"line":120,"column":7}},"locations":[{"start":{"line":118,"column":38},"end":{"line":120,"column":7}}]},"16":{"type":"branch","line":120,"loc":{"start":{"line":120,"column":6},"end":{"line":123,"column":15}},"locations":[{"start":{"line":120,"column":6},"end":{"line":123,"column":15}}]},"17":{"type":"branch","line":123,"loc":{"start":{"line":123,"column":15},"end":{"line":125,"column":7}},"locations":[{"start":{"line":123,"column":15},"end":{"line":125,"column":7}}]},"18":{"type":"branch","line":125,"loc":{"start":{"line":125,"column":6},"end":{"line":127,"column":40}},"locations":[{"start":{"line":125,"column":6},"end":{"line":127,"column":40}}]},"19":{"type":"branch","line":136,"loc":{"start":{"line":136,"column":2},"end":{"line":177,"column":3}},"locations":[{"start":{"line":136,"column":2},"end":{"line":177,"column":3}}]},"20":{"type":"branch","line":146,"loc":{"start":{"line":146,"column":68},"end":{"line":170,"column":7}},"locations":[{"start":{"line":146,"column":68},"end":{"line":170,"column":7}}]},"21":{"type":"branch","line":158,"loc":{"start":{"line":158,"column":37},"end":{"line":159,"column":37}},"locations":[{"start":{"line":158,"column":37},"end":{"line":159,"column":37}}]},"22":{"type":"branch","line":159,"loc":{"start":{"line":159,"column":30},"end":{"line":160,"column":36}},"locations":[{"start":{"line":159,"column":30},"end":{"line":160,"column":36}}]},"23":{"type":"branch","line":161,"loc":{"start":{"line":161,"column":12},"end":{"line":167,"column":9}},"locations":[{"start":{"line":161,"column":12},"end":{"line":167,"column":9}}]},"24":{"type":"branch","line":167,"loc":{"start":{"line":167,"column":8},"end":{"line":170,"column":7}},"locations":[{"start":{"line":167,"column":8},"end":{"line":170,"column":7}}]},"25":{"type":"branch","line":170,"loc":{"start":{"line":170,"column":6},"end":{"line":174,"column":5}},"locations":[{"start":{"line":170,"column":6},"end":{"line":174,"column":5}}]},"26":{"type":"branch","line":174,"loc":{"start":{"line":174,"column":4},"end":{"line":176,"column":44}},"locations":[{"start":{"line":174,"column":4},"end":{"line":176,"column":44}}]},"27":{"type":"branch","line":183,"loc":{"start":{"line":183,"column":4},"end":{"line":193,"column":6}},"locations":[{"start":{"line":183,"column":4},"end":{"line":193,"column":6}}]},"28":{"type":"branch","line":184,"loc":{"start":{"line":184,"column":54},"end":{"line":184,"column":76}},"locations":[{"start":{"line":184,"column":54},"end":{"line":184,"column":76}}]},"29":{"type":"branch","line":187,"loc":{"start":{"line":187,"column":43},"end":{"line":190,"column":7}},"locations":[{"start":{"line":187,"column":43},"end":{"line":190,"column":7}}]},"30":{"type":"branch","line":195,"loc":{"start":{"line":195,"column":4},"end":{"line":199,"column":6}},"locations":[{"start":{"line":195,"column":4},"end":{"line":199,"column":6}}]},"31":{"type":"branch","line":205,"loc":{"start":{"line":205,"column":4},"end":{"line":221,"column":6}},"locations":[{"start":{"line":205,"column":4},"end":{"line":221,"column":6}}]},"32":{"type":"branch","line":209,"loc":{"start":{"line":209,"column":34},"end":{"line":218,"column":7}},"locations":[{"start":{"line":209,"column":34},"end":{"line":218,"column":7}}]},"33":{"type":"branch","line":211,"loc":{"start":{"line":211,"column":64},"end":{"line":216,"column":11}},"locations":[{"start":{"line":211,"column":64},"end":{"line":216,"column":11}}]},"34":{"type":"branch","line":217,"loc":{"start":{"line":217,"column":8},"end":{"line":218,"column":7}},"locations":[{"start":{"line":217,"column":8},"end":{"line":218,"column":7}}]},"35":{"type":"branch","line":218,"loc":{"start":{"line":218,"column":6},"end":{"line":220,"column":18}},"locations":[{"start":{"line":218,"column":6},"end":{"line":220,"column":18}}]},"36":{"type":"branch","line":223,"loc":{"start":{"line":223,"column":4},"end":{"line":287,"column":6}},"locations":[{"start":{"line":223,"column":4},"end":{"line":287,"column":6}}]},"37":{"type":"branch","line":235,"loc":{"start":{"line":235,"column":6},"end":{"line":264,"column":7}},"locations":[{"start":{"line":235,"column":6},"end":{"line":264,"column":7}}]},"38":{"type":"branch","line":268,"loc":{"start":{"line":268,"column":64},"end":{"line":270,"column":7}},"locations":[{"start":{"line":268,"column":64},"end":{"line":270,"column":7}}]},"39":{"type":"branch","line":275,"loc":{"start":{"line":275,"column":25},"end":{"line":278,"column":7}},"locations":[{"start":{"line":275,"column":25},"end":{"line":278,"column":7}}]},"40":{"type":"branch","line":278,"loc":{"start":{"line":278,"column":6},"end":{"line":286,"column":8}},"locations":[{"start":{"line":278,"column":6},"end":{"line":286,"column":8}}]},"41":{"type":"branch","line":284,"loc":{"start":{"line":284,"column":64},"end":{"line":285,"column":62}},"locations":[{"start":{"line":284,"column":64},"end":{"line":285,"column":62}}]}},"b":{"0":[15],"1":[53],"2":[0],"3":[18],"4":[2],"5":[18],"6":[0],"7":[0],"8":[15],"9":[17],"10":[14],"11":[3],"12":[1],"13":[14],"14":[21],"15":[13],"16":[8],"17":[0],"18":[8],"19":[13],"20":[2],"21":[1],"22":[1],"23":[1],"24":[0],"25":[11],"26":[0],"27":[18],"28":[0],"29":[18],"30":[5],"31":[3],"32":[5],"33":[2],"34":[3],"35":[1],"36":[15],"37":[0],"38":[0],"39":[1],"40":[14],"41":[13]},"fnMap":{"0":{"name":"createHostRouter","decl":{"start":{"line":33,"column":7},"end":{"line":291,"column":1}},"loc":{"start":{"line":33,"column":7},"end":{"line":291,"column":1}},"line":33},"1":{"name":"log","decl":{"start":{"line":40,"column":2},"end":{"line":44,"column":3}},"loc":{"start":{"line":40,"column":2},"end":{"line":44,"column":3}},"line":40},"2":{"name":"createRouteBuilder","decl":{"start":{"line":49,"column":2},"end":{"line":83,"column":3}},"loc":{"start":{"line":49,"column":2},"end":{"line":83,"column":3}},"line":49},"3":{"name":"use","decl":{"start":{"line":56,"column":6},"end":{"line":59,"column":8}},"loc":{"start":{"line":56,"column":6},"end":{"line":59,"column":8}},"line":56},"4":{"name":"map","decl":{"start":{"line":61,"column":6},"end":{"line":81,"column":8}},"loc":{"start":{"line":61,"column":6},"end":{"line":81,"column":8}},"line":61},"5":{"name":"findMatchingRoute","decl":{"start":{"line":88,"column":2},"end":{"line":104,"column":3}},"loc":{"start":{"line":88,"column":2},"end":{"line":104,"column":3}},"line":88},"6":{"name":"executeMiddleware","decl":{"start":{"line":109,"column":2},"end":{"line":131,"column":3}},"loc":{"start":{"line":109,"column":2},"end":{"line":131,"column":3}},"line":109},"7":{"name":"next","decl":{"start":{"line":117,"column":4},"end":{"line":128,"column":5}},"loc":{"start":{"line":117,"column":4},"end":{"line":128,"column":5}},"line":117},"8":{"name":"executeHandler","decl":{"start":{"line":136,"column":2},"end":{"line":177,"column":3}},"loc":{"start":{"line":136,"column":2},"end":{"line":177,"column":3}},"line":136},"9":{"name":"host","decl":{"start":{"line":183,"column":4},"end":{"line":193,"column":6}},"loc":{"start":{"line":183,"column":4},"end":{"line":193,"column":6}},"line":183},"10":{"name":"use","decl":{"start":{"line":195,"column":4},"end":{"line":199,"column":6}},"loc":{"start":{"line":195,"column":4},"end":{"line":199,"column":6}},"line":195},"11":{"name":"fallback","decl":{"start":{"line":201,"column":4},"end":{"line":203,"column":6}},"loc":{"start":{"line":201,"column":4},"end":{"line":203,"column":6}},"line":201},"12":{"name":"test","decl":{"start":{"line":205,"column":4},"end":{"line":221,"column":6}},"loc":{"start":{"line":205,"column":4},"end":{"line":221,"column":6}},"line":205},"13":{"name":"match","decl":{"start":{"line":223,"column":4},"end":{"line":287,"column":6}},"loc":{"start":{"line":223,"column":4},"end":{"line":287,"column":6}},"line":223}},"f":{"0":15,"1":53,"2":18,"3":2,"4":18,"5":15,"6":14,"7":21,"8":13,"9":18,"10":5,"11":0,"12":3,"13":15}}
,"/Users/ivotodorov/Development/temp/vite-rsc/packages/host-router/src/testing.ts": {"path":"/Users/ivotodorov/Development/temp/vite-rsc/packages/host-router/src/testing.ts","all":false,"statementMap":{"0":{"start":{"line":1,"column":0},"end":{"line":1,"column":3}},"28":{"start":{"line":29,"column":0},"end":{"line":29,"column":79}},"29":{"start":{"line":30,"column":0},"end":{"line":30,"column":9}},"30":{"start":{"line":31,"column":0},"end":{"line":31,"column":9}},"31":{"start":{"line":32,"column":0},"end":{"line":32,"column":15}},"32":{"start":{"line":33,"column":0},"end":{"line":33,"column":19}},"33":{"start":{"line":34,"column":0},"end":{"line":34,"column":17}},"34":{"start":{"line":35,"column":0},"end":{"line":35,"column":17}},"35":{"start":{"line":36,"column":0},"end":{"line":36,"column":14}},"37":{"start":{"line":38,"column":0},"end":{"line":38,"column":38}},"38":{"start":{"line":39,"column":0},"end":{"line":39,"column":46}},"41":{"start":{"line":42,"column":0},"end":{"line":42,"column":40}},"42":{"start":{"line":43,"column":0},"end":{"line":43,"column":48}},"43":{"start":{"line":44,"column":0},"end":{"line":44,"column":67}},"44":{"start":{"line":45,"column":0},"end":{"line":45,"column":18}},"45":{"start":{"line":46,"column":0},"end":{"line":46,"column":47}},"46":{"start":{"line":47,"column":0},"end":{"line":47,"column":3}},"48":{"start":{"line":49,"column":0},"end":{"line":49,"column":27}},"49":{"start":{"line":50,"column":0},"end":{"line":50,"column":11}},"50":{"start":{"line":51,"column":0},"end":{"line":51,"column":28}},"51":{"start":{"line":52,"column":0},"end":{"line":52,"column":5}},"52":{"start":{"line":53,"column":0},"end":{"line":53,"column":1}},"63":{"start":{"line":64,"column":0},"end":{"line":64,"column":28}},"64":{"start":{"line":65,"column":0},"end":{"line":65,"column":29}},"65":{"start":{"line":66,"column":0},"end":{"line":66,"column":18}},"66":{"start":{"line":67,"column":0},"end":{"line":67,"column":12}},"67":{"start":{"line":68,"column":0},"end":{"line":68,"column":64}},"68":{"start":{"line":69,"column":0},"end":{"line":69,"column":36}},"69":{"start":{"line":70,"column":0},"end":{"line":70,"column":23}},"71":{"start":{"line":72,"column":0},"end":{"line":72,"column":29}},"72":{"start":{"line":73,"column":0},"end":{"line":73,"column":53}},"73":{"start":{"line":74,"column":0},"end":{"line":74,"column":18}},"74":{"start":{"line":75,"column":0},"end":{"line":75,"column":5}},"75":{"start":{"line":76,"column":0},"end":{"line":76,"column":3}},"77":{"start":{"line":78,"column":0},"end":{"line":78,"column":15}},"78":{"start":{"line":79,"column":0},"end":{"line":79,"column":1}}},"s":{"0":1,"28":1,"29":4,"30":4,"31":4,"32":4,"33":4,"34":4,"35":4,"37":4,"38":4,"41":4,"42":0,"43":0,"44":0,"45":0,"46":0,"48":4,"49":4,"50":4,"51":4,"52":4,"63":1,"64":10,"65":10,"66":10,"67":10,"68":10,"69":10,"71":10,"72":12,"73":7,"74":7,"75":12,"77":3,"78":3},"branchMap":{"0":{"type":"branch","line":29,"loc":{"start":{"line":29,"column":7},"end":{"line":53,"column":1}},"locations":[{"start":{"line":29,"column":7},"end":{"line":53,"column":1}}]},"1":{"type":"branch","line":42,"loc":{"start":{"line":42,"column":39},"end":{"line":47,"column":3}},"locations":[{"start":{"line":42,"column":39},"end":{"line":47,"column":3}}]},"2":{"type":"branch","line":64,"loc":{"start":{"line":64,"column":7},"end":{"line":79,"column":1}},"locations":[{"start":{"line":64,"column":7},"end":{"line":79,"column":1}}]},"3":{"type":"branch","line":68,"loc":{"start":{"line":68,"column":40},"end":{"line":68,"column":54}},"locations":[{"start":{"line":68,"column":40},"end":{"line":68,"column":54}}]},"4":{"type":"branch","line":68,"loc":{"start":{"line":68,"column":44},"end":{"line":68,"column":64}},"locations":[{"start":{"line":68,"column":44},"end":{"line":68,"column":64}}]},"5":{"type":"branch","line":72,"loc":{"start":{"line":72,"column":28},"end":{"line":76,"column":3}},"locations":[{"start":{"line":72,"column":28},"end":{"line":76,"column":3}}]},"6":{"type":"branch","line":73,"loc":{"start":{"line":73,"column":52},"end":{"line":75,"column":5}},"locations":[{"start":{"line":73,"column":52},"end":{"line":75,"column":5}}]},"7":{"type":"branch","line":76,"loc":{"start":{"line":76,"column":2},"end":{"line":79,"column":1}},"locations":[{"start":{"line":76,"column":2},"end":{"line":79,"column":1}}]}},"b":{"0":[4],"1":[0],"2":[10],"3":[3],"4":[7],"5":[12],"6":[7],"7":[3]},"fnMap":{"0":{"name":"createTestRequest","decl":{"start":{"line":29,"column":7},"end":{"line":53,"column":1}},"loc":{"start":{"line":29,"column":7},"end":{"line":53,"column":1}},"line":29},"1":{"name":"testPattern","decl":{"start":{"line":64,"column":7},"end":{"line":79,"column":1}},"loc":{"start":{"line":64,"column":7},"end":{"line":79,"column":1}},"line":64}},"f":{"0":4,"1":10}}
,"/Users/ivotodorov/Development/temp/vite-rsc/packages/host-router/src/utils.ts": {"path":"/Users/ivotodorov/Development/temp/vite-rsc/packages/host-router/src/utils.ts","all":false,"statementMap":{"20":{"start":{"line":21,"column":0},"end":{"line":21,"column":73}},"21":{"start":{"line":22,"column":0},"end":{"line":22,"column":10}},"22":{"start":{"line":23,"column":0},"end":{"line":23,"column":16}},"23":{"start":{"line":24,"column":0},"end":{"line":24,"column":30}},"24":{"start":{"line":25,"column":0},"end":{"line":25,"column":1}}},"s":{"20":1,"21":3,"22":3,"23":3,"24":3},"branchMap":{"0":{"type":"branch","line":21,"loc":{"start":{"line":21,"column":7},"end":{"line":25,"column":1}},"locations":[{"start":{"line":21,"column":7},"end":{"line":25,"column":1}}]}},"b":{"0":[3]},"fnMap":{"0":{"name":"defineHosts","decl":{"start":{"line":21,"column":7},"end":{"line":25,"column":1}},"loc":{"start":{"line":21,"column":7},"end":{"line":25,"column":1}},"line":21}},"f":{"0":3}}
}
